2025-09-14 16:13:27 - src.enhanced_main - INFO - Инициализация Panda3D...
2025-09-14 16:13:27 - src.enhanced_main - INFO - Panda3D инициализирован успешно
2025-09-14 16:13:27 - src.systems.rendering.render_system - INFO - Система рендеринга инициализирована
2025-09-14 16:13:27 - src.enhanced_main - INFO - Система ввода настроена
2025-09-14 16:13:27 - src.enhanced_main - INFO - Игровые системы инициализированы
2025-09-14 16:13:27 - src.core.enhanced_state_manager - INFO - Registered state: start
2025-09-14 16:13:27 - src.core.enhanced_state_manager - INFO - Registered state: game
2025-09-14 16:13:27 - src.core.enhanced_state_manager - INFO - Registered state: pause
2025-09-14 16:13:27 - src.core.enhanced_state_manager - INFO - Registered state: settings
2025-09-14 16:13:27 - src.core.enhanced_state_manager - INFO - Registered state: death
2025-09-14 16:13:27 - src.enhanced_main - INFO - Состояния игры зарегистрированы
2025-09-14 16:13:27 - src.enhanced_main - INFO - ============================================================
2025-09-14 16:13:27 - src.enhanced_main - INFO - 🚀 ЗАПУСК УЛУЧШЕННОЙ ИГРЫ AI-EVOLVE
2025-09-14 16:13:27 - src.enhanced_main - INFO - ============================================================
2025-09-14 16:13:27 - src.core.enhanced_state_manager - INFO - Changed state to: start
2025-09-14 16:13:32 - src.core.enhanced_state_manager - INFO - Changed state to: settings
2025-09-14 16:13:37 - src.core.enhanced_state_manager - INFO - Changed state to: start
2025-09-14 16:13:39 - src.systems.rendering.render_system - ERROR - Камера isometric не найдена
2025-09-14 16:13:39 - src.core.enhanced_state_manager - INFO - Changed state to: game
2025-09-14 16:14:12 - src.enhanced_main - INFO - Выход из игры...
2025-09-14 16:14:12 - src.systems.rendering.render_system - INFO - Система рендеринга очищена
2025-09-14 16:14:12 - src.enhanced_main - INFO - Ресурсы очищены
