2025-09-14 17:34:43 - src.enhanced_main - INFO - Инициализация Panda3D...
2025-09-14 17:34:43 - src.enhanced_main - INFO - Panda3D инициализирован успешно
2025-09-14 17:34:43 - src.systems.rendering.render_system - INFO - Система рендеринга инициализирована
2025-09-14 17:34:43 - src.core.state_manager - INFO - StateManager инициализирован
2025-09-14 17:34:43 - src.core.architecture.state_manager - INFO - Инициализация компонента state_manager
2025-09-14 17:34:43 - src.core.state_manager - INFO - StateManager успешно инициализирован
2025-09-14 17:34:43 - src.core.architecture.state_manager - INFO - Компонент state_manager успешно инициализирован
2025-09-14 17:34:43 - src.enhanced_main - INFO - Система ввода настроена
2025-09-14 17:34:43 - src.enhanced_main - INFO - Игровые системы инициализированы
2025-09-14 17:34:43 - src.core.game_state_manager - INFO - Registered state: start
2025-09-14 17:34:43 - src.core.game_state_manager - INFO - Registered state: game
2025-09-14 17:34:43 - src.core.game_state_manager - INFO - Registered state: death
2025-09-14 17:34:43 - src.enhanced_main - INFO - Состояния игры зарегистрированы
2025-09-14 17:34:43 - src.enhanced_main - INFO - ============================================================
2025-09-14 17:34:43 - src.enhanced_main - INFO - 🚀 ЗАПУСК УЛУЧШЕННОЙ ИГРЫ AI-EVOLVE
2025-09-14 17:34:43 - src.enhanced_main - INFO - ============================================================
2025-09-14 17:34:43 - src.core.game_state_manager - INFO - Changed state to: start
2025-09-14 17:35:18 - src.systems.rendering.render_system - ERROR - Камера isometric не найдена
2025-09-14 17:35:18 - src.core.game_state_manager - INFO - Changed state to: game
2025-09-14 17:35:39 - src.core.game_state_manager - ERROR - Error handling input: 'Character' object has no attribute 'get_distance_to'
2025-09-14 17:35:39 - src.core.game_state_manager - ERROR - Error handling input: 'Character' object has no attribute 'get_distance_to'
2025-09-14 17:35:39 - src.core.game_state_manager - ERROR - Error handling input: 'Character' object has no attribute 'get_distance_to'
2025-09-14 17:35:39 - src.core.game_state_manager - ERROR - Error handling input: 'Character' object has no attribute 'get_distance_to'
2025-09-14 17:35:39 - src.core.game_state_manager - ERROR - Error handling input: 'Character' object has no attribute 'get_distance_to'
2025-09-14 17:35:39 - src.core.game_state_manager - ERROR - Error handling input: 'Character' object has no attribute 'get_distance_to'
2025-09-14 17:35:39 - src.core.game_state_manager - ERROR - Error handling input: 'Character' object has no attribute 'get_distance_to'
2025-09-14 17:35:39 - src.core.game_state_manager - ERROR - Error handling input: 'Character' object has no attribute 'get_distance_to'
2025-09-14 17:35:39 - src.core.game_state_manager - ERROR - Error handling input: 'Character' object has no attribute 'get_distance_to'
2025-09-14 17:35:39 - src.core.game_state_manager - ERROR - Error handling input: 'Character' object has no attribute 'get_distance_to'
2025-09-14 17:35:39 - src.core.game_state_manager - ERROR - Error handling input: 'Character' object has no attribute 'get_distance_to'
2025-09-14 17:35:39 - src.core.game_state_manager - ERROR - Error handling input: 'Character' object has no attribute 'get_distance_to'
2025-09-14 17:35:40 - src.core.game_state_manager - ERROR - Error handling input: 'Character' object has no attribute 'get_distance_to'
2025-09-14 17:35:40 - src.core.game_state_manager - ERROR - Error handling input: 'Character' object has no attribute 'get_distance_to'
2025-09-14 17:35:40 - src.core.game_state_manager - ERROR - Error handling input: 'Character' object has no attribute 'get_distance_to'
2025-09-14 17:35:40 - src.core.game_state_manager - ERROR - Error handling input: 'Character' object has no attribute 'get_distance_to'
2025-09-14 17:35:40 - src.core.game_state_manager - ERROR - Error handling input: 'Character' object has no attribute 'get_distance_to'
2025-09-14 17:35:40 - src.core.game_state_manager - ERROR - Error handling input: 'Character' object has no attribute 'get_distance_to'
2025-09-14 17:35:40 - src.core.game_state_manager - ERROR - Error handling input: 'Character' object has no attribute 'get_distance_to'
2025-09-14 17:35:40 - src.core.game_state_manager - ERROR - Error handling input: 'Character' object has no attribute 'get_distance_to'
2025-09-14 17:35:40 - src.core.game_state_manager - ERROR - Error handling input: 'Character' object has no attribute 'get_distance_to'
2025-09-14 17:35:40 - src.core.game_state_manager - ERROR - Error handling input: 'Character' object has no attribute 'get_distance_to'
2025-09-14 17:35:41 - src.core.game_state_manager - ERROR - Error handling input: 'Character' object has no attribute 'get_distance_to'
2025-09-14 17:35:41 - src.core.game_state_manager - ERROR - Error handling input: 'Character' object has no attribute 'get_distance_to'
2025-09-14 17:35:41 - src.core.game_state_manager - ERROR - Error handling input: 'Character' object has no attribute 'get_distance_to'
2025-09-14 17:35:41 - src.core.game_state_manager - ERROR - Error handling input: 'Character' object has no attribute 'get_distance_to'
2025-09-14 17:35:41 - src.core.game_state_manager - ERROR - Error handling input: 'Character' object has no attribute 'get_distance_to'
2025-09-14 17:35:41 - src.core.game_state_manager - ERROR - Error handling input: 'Character' object has no attribute 'get_distance_to'
2025-09-14 17:35:41 - src.core.game_state_manager - ERROR - Error handling input: 'Character' object has no attribute 'get_distance_to'
2025-09-14 17:35:41 - src.core.game_state_manager - ERROR - Error handling input: 'Character' object has no attribute 'get_distance_to'
2025-09-14 17:35:41 - src.core.game_state_manager - ERROR - Error handling input: 'Character' object has no attribute 'get_distance_to'
2025-09-14 17:35:41 - src.core.game_state_manager - ERROR - Error handling input: 'Character' object has no attribute 'get_distance_to'
2025-09-14 17:35:41 - src.core.game_state_manager - ERROR - Error handling input: 'Character' object has no attribute 'get_distance_to'
2025-09-14 17:35:41 - src.core.game_state_manager - ERROR - Error handling input: 'Character' object has no attribute 'get_distance_to'
2025-09-14 17:35:41 - src.core.game_state_manager - ERROR - Error handling input: 'Character' object has no attribute 'get_distance_to'
2025-09-14 17:35:41 - src.core.game_state_manager - ERROR - Error handling input: 'Character' object has no attribute 'get_distance_to'
2025-09-14 17:35:41 - src.core.game_state_manager - ERROR - Error handling input: 'Character' object has no attribute 'get_distance_to'
2025-09-14 17:35:41 - src.core.game_state_manager - ERROR - Error handling input: 'Character' object has no attribute 'get_distance_to'
2025-09-14 17:35:41 - src.core.game_state_manager - ERROR - Error handling input: 'Character' object has no attribute 'get_distance_to'
2025-09-14 17:35:41 - src.core.game_state_manager - ERROR - Error handling input: 'Character' object has no attribute 'get_distance_to'
2025-09-14 17:35:41 - src.core.game_state_manager - ERROR - Error handling input: 'Character' object has no attribute 'get_distance_to'
2025-09-14 17:35:41 - src.core.game_state_manager - ERROR - Error handling input: 'Character' object has no attribute 'get_distance_to'
2025-09-14 17:35:41 - src.core.game_state_manager - ERROR - Error handling input: 'Character' object has no attribute 'get_distance_to'
2025-09-14 17:35:41 - src.core.game_state_manager - ERROR - Error handling input: 'Character' object has no attribute 'get_distance_to'
2025-09-14 17:35:41 - src.core.game_state_manager - ERROR - Error handling input: 'Character' object has no attribute 'get_distance_to'
2025-09-14 17:35:41 - src.core.game_state_manager - ERROR - Error handling input: 'Character' object has no attribute 'get_distance_to'
2025-09-14 17:35:41 - src.core.game_state_manager - ERROR - Error handling input: 'Character' object has no attribute 'get_distance_to'
2025-09-14 17:35:41 - src.core.game_state_manager - ERROR - Error handling input: 'Character' object has no attribute 'get_distance_to'
2025-09-14 17:35:41 - src.core.game_state_manager - ERROR - Error handling input: 'Character' object has no attribute 'get_distance_to'
2025-09-14 17:35:42 - src.core.game_state_manager - ERROR - Error handling input: 'Character' object has no attribute 'get_distance_to'
2025-09-14 17:35:42 - src.core.game_state_manager - ERROR - Error handling input: 'Character' object has no attribute 'get_distance_to'
2025-09-14 17:35:42 - src.core.game_state_manager - ERROR - Error handling input: 'Character' object has no attribute 'get_distance_to'
2025-09-14 17:35:42 - src.core.game_state_manager - ERROR - Error handling input: 'Character' object has no attribute 'get_distance_to'
2025-09-14 17:35:42 - src.core.game_state_manager - ERROR - Error handling input: 'Character' object has no attribute 'get_distance_to'
2025-09-14 17:35:42 - src.core.game_state_manager - ERROR - Error handling input: 'Character' object has no attribute 'get_distance_to'
2025-09-14 17:35:42 - src.core.game_state_manager - ERROR - Error handling input: 'Character' object has no attribute 'get_distance_to'
2025-09-14 17:35:42 - src.core.game_state_manager - ERROR - Error handling input: 'Character' object has no attribute 'get_distance_to'
2025-09-14 17:35:42 - src.core.game_state_manager - ERROR - Error handling input: 'Character' object has no attribute 'get_distance_to'
2025-09-14 17:35:42 - src.core.game_state_manager - ERROR - Error handling input: 'Character' object has no attribute 'get_distance_to'
2025-09-14 17:35:42 - src.core.game_state_manager - ERROR - Error handling input: 'Character' object has no attribute 'get_distance_to'
2025-09-14 17:35:42 - src.core.game_state_manager - ERROR - Error handling input: 'Character' object has no attribute 'get_distance_to'
2025-09-14 17:35:42 - src.core.game_state_manager - ERROR - Error handling input: 'Character' object has no attribute 'get_distance_to'
2025-09-14 17:35:42 - src.core.game_state_manager - ERROR - Error handling input: 'Character' object has no attribute 'get_distance_to'
2025-09-14 17:35:42 - src.core.game_state_manager - ERROR - Error handling input: 'Character' object has no attribute 'get_distance_to'
2025-09-14 17:35:42 - src.core.game_state_manager - ERROR - Error handling input: 'Character' object has no attribute 'get_distance_to'
2025-09-14 17:35:42 - src.core.game_state_manager - ERROR - Error handling input: 'Character' object has no attribute 'get_distance_to'
2025-09-14 17:35:42 - src.core.game_state_manager - ERROR - Error handling input: 'Character' object has no attribute 'get_distance_to'
2025-09-14 17:35:42 - src.core.game_state_manager - ERROR - Error handling input: 'Character' object has no attribute 'get_distance_to'
2025-09-14 17:35:42 - src.core.game_state_manager - ERROR - Error handling input: 'Character' object has no attribute 'get_distance_to'
2025-09-14 17:35:42 - src.core.game_state_manager - ERROR - Error handling input: 'Character' object has no attribute 'get_distance_to'
2025-09-14 17:35:42 - src.core.game_state_manager - ERROR - Error handling input: 'Character' object has no attribute 'get_distance_to'
2025-09-14 17:35:42 - src.core.game_state_manager - ERROR - Error handling input: 'Character' object has no attribute 'get_distance_to'
2025-09-14 17:35:42 - src.core.game_state_manager - ERROR - Error handling input: 'Character' object has no attribute 'get_distance_to'
2025-09-14 17:35:43 - src.core.game_state_manager - ERROR - Error handling input: 'Character' object has no attribute 'get_distance_to'
2025-09-14 17:35:43 - src.core.game_state_manager - ERROR - Error handling input: 'Character' object has no attribute 'get_distance_to'
2025-09-14 17:35:43 - src.core.game_state_manager - ERROR - Error handling input: 'Character' object has no attribute 'get_distance_to'
2025-09-14 17:35:44 - src.core.game_state_manager - ERROR - Error handling input: 'Character' object has no attribute 'get_distance_to'
2025-09-14 17:35:44 - src.core.game_state_manager - ERROR - Error handling input: 'Character' object has no attribute 'get_distance_to'
2025-09-14 17:35:44 - src.core.game_state_manager - ERROR - Error handling input: 'Character' object has no attribute 'get_distance_to'
2025-09-14 17:35:44 - src.core.game_state_manager - ERROR - Error handling input: 'Character' object has no attribute 'get_distance_to'
2025-09-14 17:35:44 - src.core.game_state_manager - ERROR - Error handling input: 'Character' object has no attribute 'get_distance_to'
2025-09-14 17:35:44 - src.core.game_state_manager - ERROR - Error handling input: 'Character' object has no attribute 'get_distance_to'
2025-09-14 17:35:44 - src.core.game_state_manager - ERROR - Error handling input: 'Character' object has no attribute 'get_distance_to'
2025-09-14 17:35:44 - src.core.game_state_manager - ERROR - Error handling input: 'Character' object has no attribute 'get_distance_to'
2025-09-14 17:35:44 - src.core.game_state_manager - ERROR - Error handling input: 'Character' object has no attribute 'get_distance_to'
2025-09-14 17:35:44 - src.core.game_state_manager - ERROR - Error handling input: 'Character' object has no attribute 'get_distance_to'
2025-09-14 17:35:44 - src.core.game_state_manager - ERROR - Error handling input: 'Character' object has no attribute 'get_distance_to'
2025-09-14 17:35:44 - src.core.game_state_manager - ERROR - Error handling input: 'Character' object has no attribute 'get_distance_to'
2025-09-14 17:35:44 - src.core.game_state_manager - ERROR - Error handling input: 'Character' object has no attribute 'get_distance_to'
2025-09-14 17:35:44 - src.core.game_state_manager - ERROR - Error handling input: 'Character' object has no attribute 'get_distance_to'
2025-09-14 17:35:44 - src.core.game_state_manager - ERROR - Error handling input: 'Character' object has no attribute 'get_distance_to'
2025-09-14 17:35:44 - src.core.game_state_manager - ERROR - Error handling input: 'Character' object has no attribute 'get_distance_to'
2025-09-14 17:35:44 - src.core.game_state_manager - ERROR - Error handling input: 'Character' object has no attribute 'get_distance_to'
2025-09-14 17:35:44 - src.core.game_state_manager - ERROR - Error handling input: 'Character' object has no attribute 'get_distance_to'
2025-09-14 17:35:44 - src.core.game_state_manager - ERROR - Error handling input: 'Character' object has no attribute 'get_distance_to'
2025-09-14 17:35:44 - src.core.game_state_manager - ERROR - Error handling input: 'Character' object has no attribute 'get_distance_to'
2025-09-14 17:35:44 - src.core.game_state_manager - ERROR - Error handling input: 'Character' object has no attribute 'get_distance_to'
2025-09-14 17:35:44 - src.core.game_state_manager - ERROR - Error handling input: 'Character' object has no attribute 'get_distance_to'
2025-09-14 17:35:44 - src.core.game_state_manager - ERROR - Error handling input: 'Character' object has no attribute 'get_distance_to'
2025-09-14 17:35:44 - src.core.game_state_manager - ERROR - Error handling input: 'Character' object has no attribute 'get_distance_to'
2025-09-14 17:35:44 - src.core.game_state_manager - ERROR - Error handling input: 'Character' object has no attribute 'get_distance_to'
2025-09-14 17:35:44 - src.core.game_state_manager - ERROR - Error handling input: 'Character' object has no attribute 'get_distance_to'
2025-09-14 17:35:44 - src.core.game_state_manager - ERROR - Error handling input: 'Character' object has no attribute 'get_distance_to'
2025-09-14 17:35:44 - src.core.game_state_manager - ERROR - Error handling input: 'Character' object has no attribute 'get_distance_to'
2025-09-14 17:35:44 - src.core.game_state_manager - ERROR - Error handling input: 'Character' object has no attribute 'get_distance_to'
2025-09-14 17:35:44 - src.core.game_state_manager - ERROR - Error handling input: 'Character' object has no attribute 'get_distance_to'
2025-09-14 17:35:44 - src.core.game_state_manager - ERROR - Error handling input: 'Character' object has no attribute 'get_distance_to'
2025-09-14 17:35:44 - src.core.game_state_manager - ERROR - Error handling input: 'Character' object has no attribute 'get_distance_to'
2025-09-14 17:35:44 - src.core.game_state_manager - ERROR - Error handling input: 'Character' object has no attribute 'get_distance_to'
2025-09-14 17:35:44 - src.core.game_state_manager - ERROR - Error handling input: 'Character' object has no attribute 'get_distance_to'
2025-09-14 17:35:55 - src.core.game_state_manager - ERROR - Error handling input: 'Character' object has no attribute 'get_distance_to'
2025-09-14 17:35:55 - src.core.game_state_manager - ERROR - Error handling input: 'Character' object has no attribute 'get_distance_to'
2025-09-14 17:35:55 - src.core.game_state_manager - ERROR - Error handling input: 'Character' object has no attribute 'get_distance_to'
2025-09-14 17:35:55 - src.core.game_state_manager - ERROR - Error handling input: 'Character' object has no attribute 'get_distance_to'
2025-09-14 17:35:55 - src.core.game_state_manager - ERROR - Error handling input: 'Character' object has no attribute 'get_distance_to'
2025-09-14 17:35:55 - src.core.game_state_manager - ERROR - Error handling input: 'Character' object has no attribute 'get_distance_to'
2025-09-14 17:35:55 - src.core.game_state_manager - ERROR - Error handling input: 'Character' object has no attribute 'get_distance_to'
2025-09-14 17:35:55 - src.core.game_state_manager - ERROR - Error handling input: 'Character' object has no attribute 'get_distance_to'
2025-09-14 17:35:55 - src.core.game_state_manager - ERROR - Error handling input: 'Character' object has no attribute 'get_distance_to'
2025-09-14 17:35:55 - src.core.game_state_manager - ERROR - Error handling input: 'Character' object has no attribute 'get_distance_to'
2025-09-14 17:35:55 - src.core.game_state_manager - ERROR - Error handling input: 'Character' object has no attribute 'get_distance_to'
2025-09-14 17:35:55 - src.core.game_state_manager - ERROR - Error handling input: 'Character' object has no attribute 'get_distance_to'
2025-09-14 17:35:55 - src.core.game_state_manager - ERROR - Error handling input: 'Character' object has no attribute 'get_distance_to'
2025-09-14 17:35:55 - src.core.game_state_manager - ERROR - Error handling input: 'Character' object has no attribute 'get_distance_to'
2025-09-14 17:35:55 - src.core.game_state_manager - ERROR - Error handling input: 'Character' object has no attribute 'get_distance_to'
2025-09-14 17:35:55 - src.core.game_state_manager - ERROR - Error handling input: 'Character' object has no attribute 'get_distance_to'
2025-09-14 17:35:55 - src.core.game_state_manager - ERROR - Error handling input: 'Character' object has no attribute 'get_distance_to'
2025-09-14 17:35:55 - src.core.game_state_manager - ERROR - Error handling input: 'Character' object has no attribute 'get_distance_to'
2025-09-14 17:35:55 - src.core.game_state_manager - ERROR - Error handling input: 'Character' object has no attribute 'get_distance_to'
2025-09-14 17:35:55 - src.core.game_state_manager - ERROR - Error handling input: 'Character' object has no attribute 'get_distance_to'
2025-09-14 17:35:55 - src.core.game_state_manager - ERROR - Error handling input: 'Character' object has no attribute 'get_distance_to'
2025-09-14 17:35:55 - src.core.game_state_manager - ERROR - Error handling input: 'Character' object has no attribute 'get_distance_to'
2025-09-14 17:35:56 - src.core.game_state_manager - ERROR - Error handling input: 'Character' object has no attribute 'get_distance_to'
2025-09-14 17:35:56 - src.core.game_state_manager - ERROR - Error handling input: 'Character' object has no attribute 'get_distance_to'
2025-09-14 17:35:56 - src.core.game_state_manager - ERROR - Error handling input: 'Character' object has no attribute 'get_distance_to'
2025-09-14 17:35:56 - src.core.game_state_manager - ERROR - Error handling input: 'Character' object has no attribute 'get_distance_to'
2025-09-14 17:35:56 - src.core.game_state_manager - ERROR - Error handling input: 'Character' object has no attribute 'get_distance_to'
2025-09-14 17:35:56 - src.core.game_state_manager - ERROR - Error handling input: 'Character' object has no attribute 'get_distance_to'
2025-09-14 17:35:56 - src.core.game_state_manager - ERROR - Error handling input: 'Character' object has no attribute 'get_distance_to'
2025-09-14 17:35:56 - src.core.game_state_manager - ERROR - Error handling input: 'Character' object has no attribute 'get_distance_to'
2025-09-14 17:35:56 - src.core.game_state_manager - ERROR - Error handling input: 'Character' object has no attribute 'get_distance_to'
2025-09-14 17:35:56 - src.core.game_state_manager - ERROR - Error handling input: 'Character' object has no attribute 'get_distance_to'
2025-09-14 17:35:56 - src.core.game_state_manager - ERROR - Error handling input: 'Character' object has no attribute 'get_distance_to'
2025-09-14 17:35:56 - src.core.game_state_manager - ERROR - Error handling input: 'Character' object has no attribute 'get_distance_to'
2025-09-14 17:35:56 - src.core.game_state_manager - ERROR - Error handling input: 'Character' object has no attribute 'get_distance_to'
2025-09-14 17:35:56 - src.core.game_state_manager - ERROR - Error handling input: 'Character' object has no attribute 'get_distance_to'
2025-09-14 17:35:56 - src.core.game_state_manager - ERROR - Error handling input: 'Character' object has no attribute 'get_distance_to'
2025-09-14 17:35:56 - src.core.game_state_manager - ERROR - Error handling input: 'Character' object has no attribute 'get_distance_to'
2025-09-14 17:35:56 - src.core.game_state_manager - ERROR - Error handling input: 'Character' object has no attribute 'get_distance_to'
2025-09-14 17:35:56 - src.core.game_state_manager - ERROR - Error handling input: 'Character' object has no attribute 'get_distance_to'
2025-09-14 17:35:56 - src.core.game_state_manager - ERROR - Error handling input: 'Character' object has no attribute 'get_distance_to'
2025-09-14 17:35:56 - src.core.game_state_manager - ERROR - Error handling input: 'Character' object has no attribute 'get_distance_to'
2025-09-14 17:35:56 - src.core.game_state_manager - ERROR - Error handling input: 'Character' object has no attribute 'get_distance_to'
2025-09-14 17:35:56 - src.core.game_state_manager - ERROR - Error handling input: 'Character' object has no attribute 'get_distance_to'
2025-09-14 17:35:56 - src.core.game_state_manager - ERROR - Error handling input: 'Character' object has no attribute 'get_distance_to'
2025-09-14 17:35:56 - src.core.game_state_manager - ERROR - Error handling input: 'Character' object has no attribute 'get_distance_to'
2025-09-14 17:35:56 - src.core.game_state_manager - ERROR - Error handling input: 'Character' object has no attribute 'get_distance_to'
2025-09-14 17:35:56 - src.core.game_state_manager - ERROR - Error handling input: 'Character' object has no attribute 'get_distance_to'
2025-09-14 17:35:56 - src.core.game_state_manager - ERROR - Error handling input: 'Character' object has no attribute 'get_distance_to'
2025-09-14 17:35:56 - src.core.game_state_manager - ERROR - Error handling input: 'Character' object has no attribute 'get_distance_to'
2025-09-14 17:35:56 - src.core.game_state_manager - ERROR - Error handling input: 'Character' object has no attribute 'get_distance_to'
2025-09-14 17:35:56 - src.core.game_state_manager - ERROR - Error handling input: 'Character' object has no attribute 'get_distance_to'
2025-09-14 17:35:56 - src.core.game_state_manager - ERROR - Error handling input: 'Character' object has no attribute 'get_distance_to'
2025-09-14 17:35:56 - src.core.game_state_manager - ERROR - Error handling input: 'Character' object has no attribute 'get_distance_to'
2025-09-14 17:35:56 - src.core.game_state_manager - ERROR - Error handling input: 'Character' object has no attribute 'get_distance_to'
2025-09-14 17:35:56 - src.core.game_state_manager - ERROR - Error handling input: 'Character' object has no attribute 'get_distance_to'
2025-09-14 17:35:56 - src.core.game_state_manager - ERROR - Error handling input: 'Character' object has no attribute 'get_distance_to'
2025-09-14 17:35:56 - src.core.game_state_manager - ERROR - Error handling input: 'Character' object has no attribute 'get_distance_to'
2025-09-14 17:35:56 - src.core.game_state_manager - ERROR - Error handling input: 'Character' object has no attribute 'get_distance_to'
2025-09-14 17:35:56 - src.core.game_state_manager - ERROR - Error handling input: 'Character' object has no attribute 'get_distance_to'
2025-09-14 17:35:56 - src.core.game_state_manager - ERROR - Error handling input: 'Character' object has no attribute 'get_distance_to'
2025-09-14 17:35:56 - src.core.game_state_manager - ERROR - Error handling input: 'Character' object has no attribute 'get_distance_to'
2025-09-14 17:35:56 - src.core.game_state_manager - ERROR - Error handling input: 'Character' object has no attribute 'get_distance_to'
2025-09-14 17:35:56 - src.core.game_state_manager - ERROR - Error handling input: 'Character' object has no attribute 'get_distance_to'
2025-09-14 17:35:56 - src.core.game_state_manager - ERROR - Error handling input: 'Character' object has no attribute 'get_distance_to'
2025-09-14 17:35:56 - src.core.game_state_manager - ERROR - Error handling input: 'Character' object has no attribute 'get_distance_to'
2025-09-14 17:35:56 - src.core.game_state_manager - ERROR - Error handling input: 'Character' object has no attribute 'get_distance_to'
2025-09-14 17:35:56 - src.core.game_state_manager - ERROR - Error handling input: 'Character' object has no attribute 'get_distance_to'
2025-09-14 17:35:56 - src.core.game_state_manager - ERROR - Error handling input: 'Character' object has no attribute 'get_distance_to'
2025-09-14 17:35:56 - src.core.game_state_manager - ERROR - Error handling input: 'Character' object has no attribute 'get_distance_to'
2025-09-14 17:35:57 - src.core.game_state_manager - ERROR - Error handling input: 'Character' object has no attribute 'get_distance_to'
2025-09-14 17:35:57 - src.core.game_state_manager - ERROR - Error handling input: 'Character' object has no attribute 'get_distance_to'
2025-09-14 17:35:57 - src.core.game_state_manager - ERROR - Error handling input: 'Character' object has no attribute 'get_distance_to'
2025-09-14 17:35:57 - src.core.game_state_manager - ERROR - Error handling input: 'Character' object has no attribute 'get_distance_to'
2025-09-14 17:35:57 - src.core.game_state_manager - ERROR - Error handling input: 'Character' object has no attribute 'get_distance_to'
2025-09-14 17:35:57 - src.core.game_state_manager - ERROR - Error handling input: 'Character' object has no attribute 'get_distance_to'
2025-09-14 17:35:57 - src.core.game_state_manager - ERROR - Error handling input: 'Character' object has no attribute 'get_distance_to'
2025-09-14 17:35:57 - src.core.game_state_manager - ERROR - Error handling input: 'Character' object has no attribute 'get_distance_to'
2025-09-14 17:35:57 - src.core.game_state_manager - ERROR - Error handling input: 'Character' object has no attribute 'get_distance_to'
2025-09-14 17:35:57 - src.core.game_state_manager - ERROR - Error handling input: 'Character' object has no attribute 'get_distance_to'
2025-09-14 17:35:57 - src.core.game_state_manager - ERROR - Error handling input: 'Character' object has no attribute 'get_distance_to'
2025-09-14 17:35:57 - src.core.game_state_manager - ERROR - Error handling input: 'Character' object has no attribute 'get_distance_to'
2025-09-14 17:35:57 - src.core.game_state_manager - ERROR - Error handling input: 'Character' object has no attribute 'get_distance_to'
2025-09-14 17:35:57 - src.core.game_state_manager - ERROR - Error handling input: 'Character' object has no attribute 'get_distance_to'
2025-09-14 17:35:57 - src.core.game_state_manager - ERROR - Error handling input: 'Character' object has no attribute 'get_distance_to'
2025-09-14 17:35:57 - src.core.game_state_manager - ERROR - Error handling input: 'Character' object has no attribute 'get_distance_to'
2025-09-14 17:35:57 - src.core.game_state_manager - ERROR - Error handling input: 'Character' object has no attribute 'get_distance_to'
2025-09-14 17:35:57 - src.core.game_state_manager - ERROR - Error handling input: 'Character' object has no attribute 'get_distance_to'
2025-09-14 17:36:29 - src.enhanced_main - INFO - Выход из игры...
2025-09-14 17:36:29 - src.systems.rendering.render_system - INFO - Система рендеринга очищена
2025-09-14 17:36:29 - src.enhanced_main - INFO - Ресурсы очищены
